#
# A fatal error has been detected by the Java Runtime Environment:
#
#  Internal Error (javaCalls.cpp:51), pid=40888, tid=0x0000000000003003
#  guarantee(thread->is_Java_thread()) failed: crucial check - the VM thread cannot and must not escape to Java code
#
# JRE version: Java(TM) SE Runtime Environment (8.0_201-b09) (build 1.8.0_201-b09)
# Java VM: Java HotSpot(TM) 64-Bit Server VM (25.201-b09 mixed mode bsd-amd64 compressed oops)
# Failed to write core dump. Core dumps have been disabled. To enable core dumping, try "ulimit -c unlimited" before starting Java again
#
# If you would like to submit a bug report, please visit:
#   http://bugreport.java.com/bugreport/crash.jsp
#

---------------  T H R E A D  ---------------

Current thread (0x00007fc50c00d800):  VMThread [stack: 0x000070000ef85000,0x000070000f085000] [id=12291]

Stack: [0x000070000ef85000,0x000070000f085000],  sp=0x000070000f083b40,  free space=1018k
Native frames: (J=compiled Java code, j=interpreted, Vv=VM code, C=native code)
V  [libjvm.dylib+0x5b6a2e]
V  [libjvm.dylib+0x1e9b21]
V  [libjvm.dylib+0x2f028c]
V  [libjvm.dylib+0x2f0b44]
V  [libjvm.dylib+0x2f1077]
V  [libjvm.dylib+0x2446d3]
V  [libjvm.dylib+0x2447ce]
V  [libjvm.dylib+0x244a2d]
V  [libjvm.dylib+0x244a48]
V  [libjvm.dylib+0x28887f]
V  [libjvm.dylib+0x288d13]
V  [libjvm.dylib+0x289605]
V  [libjvm.dylib+0x28b4e4]
V  [libjvm.dylib+0x28b733]
V  [libjvm.dylib+0x28bcca]
V  [libjvm.dylib+0x28c0e3]
V  [libjvm.dylib+0x486331]
V  [libjvm.dylib+0x48653a]
V  [libjvm.dylib+0x48671b]
V  [libjvm.dylib+0x4869d2]
V  [libjvm.dylib+0x2c3a00]
V  [libjvm.dylib+0x45405d]
V  [libjvm.dylib+0x39bf6f]
V  [libjvm.dylib+0x5be6ad]
V  [libjvm.dylib+0x5bcc45]
V  [libjvm.dylib+0x5bd092]
V  [libjvm.dylib+0x5bc9b1]
V  [libjvm.dylib+0x48f3ca]
C  [libsystem_pthread.dylib+0x6950]  _pthread_start+0xe0
C  [libsystem_pthread.dylib+0x247b]  thread_start+0xf

VM_Operation (0x000070000f619a18): GetOrSetLocal, mode: safepoint, requested by thread 0x00007fc50d00c000


---------------  P R O C E S S  ---------------

Java Threads: ( => current thread )
  0x00007fc518646800 JavaThread "testcontainers-ryuk" daemon [_thread_blocked, id=36615, stack(0x000070001139f000,0x000070001149f000)]
  0x00007fc500b2c800 JavaThread "process reaper" daemon [_thread_blocked, id=36867, stack(0x0000700011271000,0x0000700011299000)]
  0x00007fc5104b6800 JavaThread "Okio Watchdog" daemon [_thread_blocked, id=37379, stack(0x000070001116e000,0x000070001126e000)]
  0x00007fc5004cc800 JavaThread "OkHttp ConnectionPool" daemon [_thread_blocked, id=37635, stack(0x000070001106b000,0x000070001116b000)]
  0x00007fc511408000 JavaThread "ducttape-0" daemon [_thread_blocked, id=27907, stack(0x0000700010f68000,0x0000700011068000)]
  0x00007fc50e468000 JavaThread "http-nio-9099-Acceptor" daemon [_thread_in_native, id=27395, stack(0x0000700010e65000,0x0000700010f65000)]
  0x00007fc50e463800 JavaThread "http-nio-9099-ClientPoller" daemon [_thread_blocked, id=26883, stack(0x0000700010d62000,0x0000700010e62000)]
  0x00007fc50122a800 JavaThread "http-nio-9099-exec-10" daemon [_thread_blocked, id=26627, stack(0x0000700010c5f000,0x0000700010d5f000)]
  0x00007fc51021a000 JavaThread "http-nio-9099-exec-9" daemon [_thread_blocked, id=26371, stack(0x0000700010b5c000,0x0000700010c5c000)]
  0x00007fc500b45800 JavaThread "http-nio-9099-exec-8" daemon [_thread_blocked, id=38659, stack(0x0000700010a59000,0x0000700010b59000)]
  0x00007fc4ffe48000 JavaThread "http-nio-9099-exec-7" daemon [_thread_blocked, id=38915, stack(0x0000700010956000,0x0000700010a56000)]
  0x00007fc51a1be000 JavaThread "http-nio-9099-exec-6" daemon [_thread_blocked, id=25859, stack(0x0000700010853000,0x0000700010953000)]
  0x00007fc501bc6800 JavaThread "http-nio-9099-exec-5" daemon [_thread_blocked, id=25603, stack(0x0000700010750000,0x0000700010850000)]
  0x00007fc50166b800 JavaThread "http-nio-9099-exec-4" daemon [_thread_blocked, id=39939, stack(0x000070001064d000,0x000070001074d000)]
  0x00007fc501675800 JavaThread "http-nio-9099-exec-3" daemon [_thread_blocked, id=25347, stack(0x000070001054a000,0x000070001064a000)]
  0x00007fc500190800 JavaThread "http-nio-9099-exec-2" daemon [_thread_blocked, id=40451, stack(0x0000700010447000,0x0000700010547000)]
  0x00007fc5119e2800 JavaThread "http-nio-9099-exec-1" daemon [_thread_blocked, id=24579, stack(0x0000700010344000,0x0000700010444000)]
  0x00007fc4ff8b7800 JavaThread "http-nio-9099-BlockPoller" daemon [_thread_blocked, id=40967, stack(0x0000700010241000,0x0000700010341000)]
  0x00007fc50d127800 JavaThread "HikariPool-1 housekeeper" daemon [_thread_blocked, id=24323, stack(0x000070001013e000,0x000070001023e000)]
  0x00007fc51004b800 JavaThread "mysql-cj-abandoned-connection-cleanup" daemon [_thread_blocked, id=24075, stack(0x000070001003b000,0x000070001013b000)]
  0x00007fc50e535000 JavaThread "container-0" [_thread_blocked, id=14599, stack(0x000070000ff38000,0x0000700010038000)]
  0x00007fc50c7fd000 JavaThread "Catalina-utility-2" [_thread_blocked, id=13575, stack(0x000070000fe35000,0x000070000ff35000)]
  0x00007fc5171ae800 JavaThread "Catalina-utility-1" [_thread_blocked, id=13063, stack(0x000070000f311000,0x000070000f411000)]
  0x00007fc5108d1000 JavaThread "Service Thread" daemon [_thread_blocked, id=23299, stack(0x000070000fc2f000,0x000070000fd2f000)]
  0x00007fc50e831800 JavaThread "C1 CompilerThread3" daemon [_thread_blocked, id=42499, stack(0x000070000fb2c000,0x000070000fc2c000)]
  0x00007fc50f0ad800 JavaThread "C2 CompilerThread2" daemon [_thread_blocked, id=23043, stack(0x000070000fa29000,0x000070000fb29000)]
  0x00007fc51106b800 JavaThread "C2 CompilerThread1" daemon [_thread_blocked, id=22787, stack(0x000070000f926000,0x000070000fa26000)]
  0x00007fc50d86c000 JavaThread "C2 CompilerThread0" daemon [_thread_blocked, id=22531, stack(0x000070000f823000,0x000070000f923000)]
  0x00007fc50d00a800 JavaThread "JDWP Command Reader" daemon [_thread_in_native, id=22019, stack(0x000070000f720000,0x000070000f820000)]
  0x00007fc50d008800 JavaThread "JDWP Event Helper Thread" daemon [_thread_blocked, id=15363, stack(0x000070000f61d000,0x000070000f71d000)]
  0x00007fc50d00c000 JavaThread "JDWP Transport Listener: dt_socket" daemon [_thread_blocked, id=15623, stack(0x000070000f51a000,0x000070000f61a000)]
  0x00007fc50b018000 JavaThread "Signal Dispatcher" daemon [_thread_blocked, id=15875, stack(0x000070000f417000,0x000070000f517000)]
  0x00007fc50d813000 JavaThread "Finalizer" daemon [_thread_blocked, id=18947, stack(0x000070000f18b000,0x000070000f28b000)]
  0x00007fc50d80a000 JavaThread "Reference Handler" daemon [_thread_blocked, id=12547, stack(0x000070000f088000,0x000070000f188000)]
  0x00007fc50d809000 JavaThread "main" [_thread_blocked, id=4355, stack(0x000070000e464000,0x000070000e564000)]

Other Threads:
=>0x00007fc50c00d800 VMThread [stack: 0x000070000ef85000,0x000070000f085000] [id=12291]
  0x00007fc51002b800 WatcherThread [stack: 0x000070000fd32000,0x000070000fe32000] [id=23555]

VM state:at safepoint (normal execution)

VM Mutex/Monitor currently owned by a thread:  ([mutex/lock_event])
[0x00007fc50cc05bb0] Threads_lock - owner thread: 0x00007fc50c00d800

heap address: 0x00000006c0000000, size: 4096 MB, Compressed Oops mode: Zero based, Oop shift amount: 3
Narrow klass base: 0x0000000000000000, Narrow klass shift: 3
Compressed class space size: 1073741824 Address: 0x00000007c0000000

Heap:
 PSYoungGen      total 306176K, used 246993K [0x000000076ab00000, 0x000000077f200000, 0x00000007c0000000)
  eden space 294400K, 80% used [0x000000076ab00000,0x0000000779118848,0x000000077ca80000)
  from space 11776K, 96% used [0x000000077e680000,0x000000077f19bd68,0x000000077f200000)
  to   space 16896K, 0% used [0x000000077d100000,0x000000077d100000,0x000000077e180000)
 ParOldGen       total 232960K, used 32503K [0x00000006c0000000, 0x00000006ce380000, 0x000000076ab00000)
  object space 232960K, 13% used [0x00000006c0000000,0x00000006c1fbdc38,0x00000006ce380000)
 Metaspace       used 74233K, capacity 78432K, committed 78612K, reserved 1118208K
  class space    used 9978K, capacity 10694K, committed 10812K, reserved 1048576K

Card table byte_map: [0x000000010f932000,0x0000000110133000] byte_map_base: 0x000000010c332000

Marking Bits: (ParMarkBitMap*) 0x000000010edabe40
 Begin Bits: [0x0000000125d56000, 0x0000000129d56000)
 End Bits:   [0x0000000129d56000, 0x000000012dd56000)

Polling page: 0x000000010f4ad000

CodeCache: size=245760Kb used=20920Kb max_used=20991Kb free=224839Kb
 bounds [0x0000000116800000, 0x0000000117ca0000, 0x0000000125800000]
 total_blobs=6110 nmethods=5539 adapters=491
 compilation: enabled

Compilation events (10 events):
Event: 65.280 Thread 0x00007fc50e831800 6443       3       java.nio.HeapByteBuffer::put (16 bytes)
Event: 65.281 Thread 0x00007fc50e831800 nmethod 6443 0x00000001177d54d0 code [0x00000001177d5660, 0x00000001177d5a48]
Event: 65.282 Thread 0x00007fc50e831800 6444       1       java.lang.Package::getName (5 bytes)
Event: 65.282 Thread 0x00007fc50e831800 nmethod 6444 0x00000001177d5210 code [0x00000001177d5360, 0x00000001177d5470]
Event: 65.292 Thread 0x00007fc51106b800 6445       4       org.springframework.core.ResolvableType::isArray (58 bytes)
Event: 65.293 Thread 0x00007fc50e831800 6446       3       java.util.ArrayList::remove (77 bytes)
Event: 65.294 Thread 0x00007fc50e831800 nmethod 6446 0x0000000117c8ed10 code [0x0000000117c8eee0, 0x0000000117c8f428]
Event: 65.351 Thread 0x00007fc51106b800 nmethod 6445 0x0000000117c93450 code [0x0000000117c937e0, 0x0000000117c947d0]
Event: 68.079 Thread 0x00007fc50f0ad800 6447       4       java.lang.invoke.MethodHandleNatives::refKindIsField (32 bytes)
Event: 68.080 Thread 0x00007fc50f0ad800 nmethod 6447 0x00000001179f4390 code [0x00000001179f44e0, 0x00000001179f4538]

GC Heap History (10 events):
Event: 7.970 GC heap before
{Heap before GC invocations=9 (full 2):
 PSYoungGen      total 166912K, used 9142K [0x000000076ab00000, 0x000000077ba00000, 0x00000007c0000000)
  eden space 155136K, 0% used [0x000000076ab00000,0x000000076ab00000,0x0000000774280000)
  from space 11776K, 77% used [0x0000000774280000,0x0000000774b6dbb8,0x0000000774e00000)
  to   space 11776K, 0% used [0x000000077ae80000,0x000000077ae80000,0x000000077ba00000)
 ParOldGen       total 104960K, used 11178K [0x00000006c0000000, 0x00000006c6680000, 0x000000076ab00000)
  object space 104960K, 10% used [0x00000006c0000000,0x00000006c0aeaaa8,0x00000006c6680000)
 Metaspace       used 32924K, capacity 35370K, committed 35416K, reserved 1079296K
  class space    used 4282K, capacity 4729K, committed 4736K, reserved 1048576K
Event: 8.053 GC heap after
Heap after GC invocations=9 (full 2):
 PSYoungGen      total 166912K, used 0K [0x000000076ab00000, 0x000000077ba00000, 0x00000007c0000000)
  eden space 155136K, 0% used [0x000000076ab00000,0x000000076ab00000,0x0000000774280000)
  from space 11776K, 0% used [0x0000000774280000,0x0000000774280000,0x0000000774e00000)
  to   space 11776K, 0% used [0x000000077ae80000,0x000000077ae80000,0x000000077ba00000)
 ParOldGen       total 154112K, used 13585K [0x00000006c0000000, 0x00000006c9680000, 0x000000076ab00000)
  object space 154112K, 8% used [0x00000006c0000000,0x00000006c0d44670,0x00000006c9680000)
 Metaspace       used 32924K, capacity 35370K, committed 35416K, reserved 1079296K
  class space    used 4282K, capacity 4729K, committed 4736K, reserved 1048576K
}
Event: 9.896 GC heap before
{Heap before GC invocations=10 (full 2):
 PSYoungGen      total 166912K, used 155136K [0x000000076ab00000, 0x000000077ba00000, 0x00000007c0000000)
  eden space 155136K, 100% used [0x000000076ab00000,0x0000000774280000,0x0000000774280000)
  from space 11776K, 0% used [0x0000000774280000,0x0000000774280000,0x0000000774e00000)
  to   space 11776K, 0% used [0x000000077ae80000,0x000000077ae80000,0x000000077ba00000)
 ParOldGen       total 154112K, used 13585K [0x00000006c0000000, 0x00000006c9680000, 0x000000076ab00000)
  object space 154112K, 8% used [0x00000006c0000000,0x00000006c0d44670,0x00000006c9680000)
 Metaspace       used 40126K, capacity 42784K, committed 42968K, reserved 1087488K
  class space    used 5392K, capacity 5872K, committed 5888K, reserved 1048576K
Event: 9.910 GC heap after
Heap after GC invocations=10 (full 2):
 PSYoungGen      total 244736K, used 8283K [0x000000076ab00000, 0x000000077b700000, 0x00000007c0000000)
  eden space 236032K, 0% used [0x000000076ab00000,0x000000076ab00000,0x0000000779180000)
  from space 8704K, 95% used [0x000000077ae80000,0x000000077b696e70,0x000000077b700000)
  to   space 11776K, 0% used [0x000000077a000000,0x000000077a000000,0x000000077ab80000)
 ParOldGen       total 154112K, used 13593K [0x00000006c0000000, 0x00000006c9680000, 0x000000076ab00000)
  object space 154112K, 8% used [0x00000006c0000000,0x00000006c0d46670,0x00000006c9680000)
 Metaspace       used 40126K, capacity 42784K, committed 42968K, reserved 1087488K
  class space    used 5392K, capacity 5872K, committed 5888K, reserved 1048576K
}
Event: 14.581 GC heap before
{Heap before GC invocations=11 (full 2):
 PSYoungGen      total 244736K, used 234162K [0x000000076ab00000, 0x000000077b700000, 0x00000007c0000000)
  eden space 236032K, 95% used [0x000000076ab00000,0x0000000778795c48,0x0000000779180000)
  from space 8704K, 95% used [0x000000077ae80000,0x000000077b696e70,0x000000077b700000)
  to   space 11776K, 0% used [0x000000077a000000,0x000000077a000000,0x000000077ab80000)
 ParOldGen       total 154112K, used 13593K [0x00000006c0000000, 0x00000006c9680000, 0x000000076ab00000)
  object space 154112K, 8% used [0x00000006c0000000,0x00000006c0d46670,0x00000006c9680000)
 Metaspace       used 55571K, capacity 58924K, committed 59028K, reserved 1099776K
  class space    used 7508K, capacity 8081K, committed 8124K, reserved 1048576K
Event: 14.629 GC heap after
Heap after GC invocations=11 (full 2):
 PSYoungGen      total 262656K, used 11750K [0x000000076ab00000, 0x000000077f700000, 0x00000007c0000000)
  eden space 250880K, 0% used [0x000000076ab00000,0x000000076ab00000,0x000000077a000000)
  from space 11776K, 99% used [0x000000077a000000,0x000000077ab79bc8,0x000000077ab80000)
  to   space 16896K, 0% used [0x000000077e680000,0x000000077e680000,0x000000077f700000)
 ParOldGen       total 154112K, used 23202K [0x00000006c0000000, 0x00000006c9680000, 0x000000076ab00000)
  object space 154112K, 15% used [0x00000006c0000000,0x00000006c16a8880,0x00000006c9680000)
 Metaspace       used 55571K, capacity 58924K, committed 59028K, reserved 1099776K
  class space    used 7508K, capacity 8081K, committed 8124K, reserved 1048576K
}
Event: 14.629 GC heap before
{Heap before GC invocations=12 (full 3):
 PSYoungGen      total 262656K, used 11750K [0x000000076ab00000, 0x000000077f700000, 0x00000007c0000000)
  eden space 250880K, 0% used [0x000000076ab00000,0x000000076ab00000,0x000000077a000000)
  from space 11776K, 99% used [0x000000077a000000,0x000000077ab79bc8,0x000000077ab80000)
  to   space 16896K, 0% used [0x000000077e680000,0x000000077e680000,0x000000077f700000)
 ParOldGen       total 154112K, used 23202K [0x00000006c0000000, 0x00000006c9680000, 0x000000076ab00000)
  object space 154112K, 15% used [0x00000006c0000000,0x00000006c16a8880,0x00000006c9680000)
 Metaspace       used 55571K, capacity 58924K, committed 59028K, reserved 1099776K
  class space    used 7508K, capacity 8081K, committed 8124K, reserved 1048576K
Event: 15.051 GC heap after
Heap after GC invocations=12 (full 3):
 PSYoungGen      total 262656K, used 0K [0x000000076ab00000, 0x000000077f700000, 0x00000007c0000000)
  eden space 250880K, 0% used [0x000000076ab00000,0x000000076ab00000,0x000000077a000000)
  from space 11776K, 0% used [0x000000077a000000,0x000000077a000000,0x000000077ab80000)
  to   space 16896K, 0% used [0x000000077e680000,0x000000077e680000,0x000000077f700000)
 ParOldGen       total 232960K, used 32495K [0x00000006c0000000, 0x00000006ce380000, 0x000000076ab00000)
  object space 232960K, 13% used [0x00000006c0000000,0x00000006c1fbbc38,0x00000006ce380000)
 Metaspace       used 55571K, capacity 58924K, committed 59028K, reserved 1099776K
  class space    used 7508K, capacity 8081K, committed 8124K, reserved 1048576K
}
Event: 21.973 GC heap before
{Heap before GC invocations=13 (full 3):
 PSYoungGen      total 262656K, used 250880K [0x000000076ab00000, 0x000000077f700000, 0x00000007c0000000)
  eden space 250880K, 100% used [0x000000076ab00000,0x000000077a000000,0x000000077a000000)
  from space 11776K, 0% used [0x000000077a000000,0x000000077a000000,0x000000077ab80000)
  to   space 16896K, 0% used [0x000000077e680000,0x000000077e680000,0x000000077f700000)
 ParOldGen       total 232960K, used 32495K [0x00000006c0000000, 0x00000006ce380000, 0x000000076ab00000)
  object space 232960K, 13% used [0x00000006c0000000,0x00000006c1fbbc38,0x00000006ce380000)
 Metaspace       used 62502K, capacity 66214K, committed 66452K, reserved 1105920K
  class space    used 8544K, capacity 9145K, committed 9148K, reserved 1048576K
Event: 22.005 GC heap after
Heap after GC invocations=13 (full 3):
 PSYoungGen      total 306176K, used 11375K [0x000000076ab00000, 0x000000077f200000, 0x00000007c0000000)
  eden space 294400K, 0% used [0x000000076ab00000,0x000000076ab00000,0x000000077ca80000)
  from space 11776K, 96% used [0x000000077e680000,0x000000077f19bd68,0x000000077f200000)
  to   space 16896K, 0% used [0x000000077d100000,0x000000077d100000,0x000000077e180000)
 ParOldGen       total 232960K, used 32503K [0x00000006c0000000, 0x00000006ce380000, 0x000000076ab00000)
  object space 232960K, 13% used [0x00000006c0000000,0x00000006c1fbdc38,0x00000006ce380000)
 Metaspace       used 62502K, capacity 66214K, committed 66452K, reserved 1105920K
  class space    used 8544K, capacity 9145K, committed 9148K, reserved 1048576K
}

Deoptimization events (10 events):
Event: 63.352 Thread 0x00007fc50d809000 Uncommon trap: reason=unstable_if action=reinterpret pc=0x00000001170ffaf4 method=java.util.stream.AbstractPipeline.sourceSpliterator(I)Ljava/util/Spliterator; @ 82
Event: 63.703 Thread 0x00007fc50d809000 Uncommon trap: reason=predicate action=maybe_recompile pc=0x0000000117a6812c method=java.lang.String.regionMatches(ZILjava/lang/String;II)Z @ 63
Event: 63.966 Thread 0x00007fc50d809000 Uncommon trap: reason=bimorphic action=maybe_recompile pc=0x0000000117b18950 method=java.net.URL.<init>(Ljava/net/URL;Ljava/lang/String;Ljava/net/URLStreamHandler;)V @ 504
Event: 63.966 Thread 0x00007fc50d809000 Uncommon trap: reason=unstable_if action=reinterpret pc=0x0000000116a729a0 method=java.net.URLStreamHandler.parseURL(Ljava/net/URL;Ljava/lang/String;II)V @ 84
Event: 63.967 Thread 0x00007fc50d809000 Uncommon trap: reason=unstable_if action=reinterpret pc=0x0000000116c69328 method=java.net.URL.set(Ljava/lang/String;Ljava/lang/String;ILjava/lang/String;Ljava/lang/String;Ljava/lang/String;Ljava/lang/String;Ljava/lang/String;)V @ 23
Event: 63.991 Thread 0x00007fc50d809000 Uncommon trap: reason=unstable_if action=reinterpret pc=0x0000000116a1aa9c method=java.net.URLStreamHandler.toExternalForm(Ljava/net/URL;)Ljava/lang/String; @ 24
Event: 64.983 Thread 0x00007fc5119e2800 Uncommon trap: reason=class_check action=maybe_recompile pc=0x000000011781e45c method=org.springframework.core.annotation.AnnotationsScanner.processMethodHierarchy(Ljava/lang/Object;[ILjava/lang/Class;Lorg/springframework/core/annotation/AnnotationsProces
Event: 64.988 Thread 0x00007fc5119e2800 Uncommon trap: reason=class_check action=maybe_recompile pc=0x000000011781e45c method=org.springframework.core.annotation.AnnotationsScanner.processMethodHierarchy(Ljava/lang/Object;[ILjava/lang/Class;Lorg/springframework/core/annotation/AnnotationsProces
Event: 65.302 Thread 0x00007fc50d809000 Uncommon trap: reason=unstable_if action=reinterpret pc=0x0000000117acffe0 method=java.lang.CharacterDataLatin1.digit(II)I @ 60
Event: 152.989 Thread 0x00007fc50d00c000 Uncommon trap: reason=unstable_if action=reinterpret pc=0x000000011754828c method=com.intellij.rt.debugger.agent.CaptureAgent$CaptureTransformer.transform(Ljava/lang/ClassLoader;Ljava/lang/String;Ljava/lang/Class;Ljava/security/ProtectionDomain;[B)[B @ 5

Classes redefined (5 events):
Event: 153.074 Thread 0x00007fc50c00d800 redefined class name=zw.co.malvern.integration.ReportIntegrationTest, count=1
Event: 153.130 Thread 0x00007fc50c00d800 redefined class name=zw.co.malvern.api.create.ProductionResource, count=1
Event: 153.180 Thread 0x00007fc50c00d800 redefined class name=zw.co.malvern.api.report.ReportResource, count=1
Event: 304.276 Thread 0x00007fc50c00d800 redefined class name=zw.co.malvern.utils.TestData, count=1
Event: 304.306 Thread 0x00007fc50c00d800 redefined class name=zw.co.malvern.integration.ReportIntegrationTest, count=2

Internal exceptions (10 events):
Event: 64.716 Thread 0x00007fc5119e2800 Exception <a 'java/lang/ClassNotFoundException': org/springframework/web/servlet/theme/FixedThemeResolverCustomizer> (0x00000007784a8308) thrown at [/Users/java_re/workspace/8-2-build-macosx-x86_64/jdk8u201/12322/hotspot/src/share/vm/classfile/systemDicti
Event: 64.731 Thread 0x00007fc5119e2800 Exception <a 'java/lang/ClassNotFoundException': org/springframework/web/servlet/ThemeResolverCustomizer> (0x00000007784d12e8) thrown at [/Users/java_re/workspace/8-2-build-macosx-x86_64/jdk8u201/12322/hotspot/src/share/vm/classfile/systemDictionary.cpp, 
Event: 64.754 Thread 0x00007fc5119e2800 Exception <a 'java/lang/ClassNotFoundException': java/lang/ObjectCustomizer> (0x00000007784feb20) thrown at [/Users/java_re/workspace/8-2-build-macosx-x86_64/jdk8u201/12322/hotspot/src/share/vm/classfile/systemDictionary.cpp, line 210]
Event: 64.769 Thread 0x00007fc5119e2800 Exception <a 'java/lang/ClassNotFoundException': org/springframework/web/servlet/view/DefaultRequestToViewNameTranslatorCustomizer> (0x00000007785330b8) thrown at [/Users/java_re/workspace/8-2-build-macosx-x86_64/jdk8u201/12322/hotspot/src/share/vm/classf
Event: 64.774 Thread 0x00007fc5119e2800 Exception <a 'java/lang/ClassNotFoundException': org/springframework/web/servlet/RequestToViewNameTranslatorCustomizer> (0x00000007785707b8) thrown at [/Users/java_re/workspace/8-2-build-macosx-x86_64/jdk8u201/12322/hotspot/src/share/vm/classfile/systemDi
Event: 64.823 Thread 0x00007fc5119e2800 Exception <a 'java/lang/ClassNotFoundException': java/lang/ObjectCustomizer> (0x00000007785c54c8) thrown at [/Users/java_re/workspace/8-2-build-macosx-x86_64/jdk8u201/12322/hotspot/src/share/vm/classfile/systemDictionary.cpp, line 210]
Event: 64.842 Thread 0x00007fc5119e2800 Exception <a 'java/lang/ClassNotFoundException': org/springframework/web/servlet/support/AbstractFlashMapManagerCustomizer> (0x00000007785f61e0) thrown at [/Users/java_re/workspace/8-2-build-macosx-x86_64/jdk8u201/12322/hotspot/src/share/vm/classfile/syst
Event: 64.852 Thread 0x00007fc5119e2800 Exception <a 'java/lang/ClassNotFoundException': org/springframework/web/servlet/support/SessionFlashMapManagerCustomizer> (0x000000077862ae40) thrown at [/Users/java_re/workspace/8-2-build-macosx-x86_64/jdk8u201/12322/hotspot/src/share/vm/classfile/syste
Event: 64.857 Thread 0x00007fc5119e2800 Exception <a 'java/lang/ClassNotFoundException': org/springframework/web/servlet/FlashMapManagerCustomizer> (0x0000000778654080) thrown at [/Users/java_re/workspace/8-2-build-macosx-x86_64/jdk8u201/12322/hotspot/src/share/vm/classfile/systemDictionary.cpp
Event: 65.106 Thread 0x00007fc5119e2800 Exception <a 'java/lang/reflect/InvocationTargetException'> (0x0000000778aae758) thrown at [/Users/java_re/workspace/8-2-build-macosx-x86_64/jdk8u201/12322/hotspot/src/share/vm/runtime/reflection.cpp, line 1092]

Events (10 events):
Event: 304.224 Executing VM operation: ChangeBreakpoints done
Event: 304.227 Executing VM operation: RedefineClasses
Event: 304.307 Executing VM operation: RedefineClasses done
Event: 304.319 Executing VM operation: ChangeBreakpoints
Event: 304.326 Executing VM operation: ChangeBreakpoints done
Event: 304.331 Executing VM operation: ChangeBreakpoints
Event: 304.335 Executing VM operation: ChangeBreakpoints done
Event: 304.338 Executing VM operation: ChangeBreakpoints
Event: 304.341 Executing VM operation: ChangeBreakpoints done
Event: 304.732 Executing VM operation: GetOrSetLocal


Dynamic libraries:
0x00007fff34fc7000 	/System/Library/Frameworks/Cocoa.framework/Versions/A/Cocoa
0x00007fff221ec000 	/System/Library/Frameworks/Security.framework/Versions/A/Security
0x00007fff331c4000 	/System/Library/Frameworks/ApplicationServices.framework/Versions/A/ApplicationServices
0x00007fff2a475000 	/usr/lib/libz.1.dylib
0x00007fff2a53d000 	/usr/lib/libSystem.B.dylib
0x00007fff201d2000 	/usr/lib/libobjc.A.dylib
0x00007fff203b2000 	/System/Library/Frameworks/CoreFoundation.framework/Versions/A/CoreFoundation
0x00007fff2115f000 	/System/Library/Frameworks/Foundation.framework/Versions/C/Foundation
0x00007fff22c13000 	/System/Library/Frameworks/AppKit.framework/Versions/C/AppKit
0x00007fff25aab000 	/System/Library/Frameworks/CoreData.framework/Versions/A/CoreData
0x00007fff23976000 	/System/Library/PrivateFrameworks/UIFoundation.framework/Versions/A/UIFoundation
0x00007fff2fba3000 	/System/Library/PrivateFrameworks/RemoteViewServices.framework/Versions/A/RemoteViewServices
0x00007fff2899c000 	/System/Library/PrivateFrameworks/XCTTargetBootstrap.framework/Versions/A/XCTTargetBootstrap
0x00007fff2b67d000 	/usr/lib/libspindump.dylib
0x00007fff23bcb000 	/System/Library/Frameworks/UniformTypeIdentifiers.framework/Versions/A/UniformTypeIdentifiers
0x00007fff27172000 	/usr/lib/libapp_launch_measurement.dylib
0x00007fff27175000 	/System/Library/PrivateFrameworks/CoreAutoLayout.framework/Versions/A/CoreAutoLayout
0x00007fff282fe000 	/System/Library/Frameworks/Metal.framework/Versions/A/Metal
0x00007fff28fee000 	/usr/lib/liblangid.dylib
0x00007fff289a0000 	/System/Library/PrivateFrameworks/CoreSVG.framework/Versions/A/CoreSVG
0x00007fff24bb2000 	/System/Library/PrivateFrameworks/SkyLight.framework/Versions/A/SkyLight
0x00007fff24f19000 	/System/Library/Frameworks/CoreGraphics.framework/Versions/A/CoreGraphics
0x00007fff301fa000 	/System/Library/Frameworks/Accelerate.framework/Versions/A/Accelerate
0x00007fff2b0b8000 	/System/Library/PrivateFrameworks/IconServices.framework/Versions/A/IconServices
0x00007fff282e3000 	/System/Library/Frameworks/IOSurface.framework/Versions/A/IOSurface
0x00007fff26434000 	/usr/lib/libDiagnosticMessagesClient.dylib
0x00007fff28988000 	/System/Library/PrivateFrameworks/DFRFoundation.framework/Versions/A/DFRFoundation
0x00007fff2253e000 	/usr/lib/libicucore.A.dylib
0x00007fff2cbc4000 	/System/Library/Frameworks/AudioToolbox.framework/Versions/A/AudioToolbox
0x00007fff2be69000 	/System/Library/PrivateFrameworks/DataDetectorsCore.framework/Versions/A/DataDetectorsCore
0x00007fff28688000 	/System/Library/Frameworks/Carbon.framework/Versions/A/Frameworks/HIToolbox.framework/Versions/A/HIToolbox
0x00007fff26bcd000 	/System/Library/Frameworks/QuartzCore.framework/Versions/A/QuartzCore
0x00007fff2fbdf000 	/System/Library/Frameworks/Carbon.framework/Versions/A/Frameworks/SpeechRecognition.framework/Versions/A/SpeechRecognition
0x00007fff26eda000 	/System/Library/PrivateFrameworks/CoreUI.framework/Versions/A/CoreUI
0x00007fff21b47000 	/System/Library/Frameworks/CoreAudio.framework/Versions/A/CoreAudio
0x00007fff2651f000 	/System/Library/Frameworks/DiskArbitration.framework/Versions/A/DiskArbitration
0x00007fff2ba78000 	/System/Library/PrivateFrameworks/MultitouchSupport.framework/Versions/A/MultitouchSupport
0x00007fff2be60000 	/System/Library/PrivateFrameworks/InternationalSupport.framework/Versions/A/InternationalSupport
0x00007fff24b26000 	/usr/lib/libenergytrace.dylib
0x00007fff22b0c000 	/System/Library/Frameworks/IOKit.framework/Versions/A/IOKit
0x00007fff2ff2c000 	/System/Library/Frameworks/CoreServices.framework/Versions/A/CoreServices
0x00007fff27108000 	/System/Library/PrivateFrameworks/PerformanceAnalysis.framework/Versions/A/PerformanceAnalysis
0x00007fff6c895000 	/System/Library/Frameworks/OpenGL.framework/Versions/A/OpenGL
0x00007fff2bee5000 	/System/Library/PrivateFrameworks/UserActivity.framework/Versions/A/UserActivity
0x00007fff255ad000 	/System/Library/Frameworks/ColorSync.framework/Versions/A/ColorSync
0x00007fff28c05000 	/System/Library/Frameworks/CoreImage.framework/Versions/A/CoreImage
0x00007fff2195e000 	/System/Library/Frameworks/CoreText.framework/Versions/A/CoreText
0x00007fff289ca000 	/System/Library/Frameworks/ImageIO.framework/Versions/A/ImageIO
0x00007fff2a543000 	/System/Library/PrivateFrameworks/SoftLinking.framework/Versions/A/SoftLinking
0x00007fff271be000 	/usr/lib/libxml2.2.dylib
0x00007fff20297000 	/usr/lib/libc++.1.dylib
0x00007fff2a7b5000 	/usr/lib/libcompression.dylib
0x00007fff24b27000 	/usr/lib/libMobileGestalt.dylib
0x00007fff2bd93000 	/System/Library/PrivateFrameworks/TextureIO.framework/Versions/A/TextureIO
0x00007fff2addb000 	/usr/lib/libate.dylib
0x00007fff2a537000 	/usr/lib/system/libcache.dylib
0x00007fff2a4f3000 	/usr/lib/system/libcommonCrypto.dylib
0x00007fff2a51d000 	/usr/lib/system/libcompiler_rt.dylib
0x00007fff2a512000 	/usr/lib/system/libcopyfile.dylib
0x00007fff200c0000 	/usr/lib/system/libcorecrypto.dylib
0x00007fff2018d000 	/usr/lib/system/libdispatch.dylib
0x00007fff20341000 	/usr/lib/system/libdyld.dylib
0x00007fff2a52e000 	/usr/lib/system/libkeymgr.dylib
0x00007fff2d976000 	/usr/lib/system/liblaunch.dylib
0x00007fff2a4d1000 	/usr/lib/system/libmacho.dylib
0x00007fff29ceb000 	/usr/lib/system/libquarantine.dylib
0x00007fff2a52b000 	/usr/lib/system/libremovefile.dylib
0x00007fff24b83000 	/usr/lib/system/libsystem_asl.dylib
0x00007fff20070000 	/usr/lib/system/libsystem_blocks.dylib
0x00007fff2020e000 	/usr/lib/system/libsystem_c.dylib
0x00007fff2a525000 	/usr/lib/system/libsystem_collections.dylib
0x00007fff28fdf000 	/usr/lib/system/libsystem_configuration.dylib
0x00007fff282d2000 	/usr/lib/system/libsystem_containermanager.dylib
0x00007fff2a26d000 	/usr/lib/system/libsystem_coreservices.dylib
0x00007fff227a0000 	/usr/lib/system/libsystem_darwin.dylib
0x00007fff2a52f000 	/usr/lib/system/libsystem_dnssd.dylib
0x00007fff2020b000 	/usr/lib/system/libsystem_featureflags.dylib
0x00007fff20386000 	/usr/lib/system/libsystem_info.dylib
0x00007fff2a488000 	/usr/lib/system/libsystem_m.dylib
0x00007fff20160000 	/usr/lib/system/libsystem_malloc.dylib
0x00007fff24b17000 	/usr/lib/system/libsystem_networkextension.dylib
0x00007fff22bbb000 	/usr/lib/system/libsystem_notify.dylib
0x00007fff2fe2a000 	/usr/lib/system/libsystem_product_info_filter.dylib
0x00007fff28fe3000 	/usr/lib/system/libsystem_sandbox.dylib
0x00007fff2a528000 	/usr/lib/system/libsystem_secinit.dylib
0x00007fff20306000 	/usr/lib/system/libsystem_kernel.dylib
0x00007fff2037c000 	/usr/lib/system/libsystem_platform.dylib
0x00007fff20335000 	/usr/lib/system/libsystem_pthread.dylib
0x00007fff26282000 	/usr/lib/system/libsystem_symptoms.dylib
0x00007fff200a8000 	/usr/lib/system/libsystem_trace.dylib
0x00007fff2a4ff000 	/usr/lib/system/libunwind.dylib
0x00007fff20072000 	/usr/lib/system/libxpc.dylib
0x00007fff202ed000 	/usr/lib/libc++abi.dylib
0x00007fff2a50a000 	/usr/lib/liboah.dylib
0x00007fff2abc0000 	/usr/lib/liblzma.5.dylib
0x00007fff20e73000 	/System/Library/Frameworks/SystemConfiguration.framework/Versions/A/SystemConfiguration
0x00007fff2a53f000 	/usr/lib/libfakelink.dylib
0x00007fff24679000 	/System/Library/Frameworks/CFNetwork.framework/Versions/A/CFNetwork
0x00007fff2a67f000 	/usr/lib/libarchive.2.dylib
0x00007fff20ef1000 	/usr/lib/libCRFSuite.dylib
0x00007fff29d12000 	/usr/lib/libbsm.0.dylib
0x00007fff24035000 	/usr/lib/libnetwork.dylib
0x00007fff2a544000 	/usr/lib/libpcap.A.dylib
0x00007fff2627b000 	/usr/lib/libdns_services.dylib
0x00007fff2abd9000 	/usr/lib/libcoretls_cfhelpers.dylib
0x00007fff2a783000 	/usr/lib/libapple_nghttp2.dylib
0x00007fff2a4d7000 	/usr/lib/system/libkxld.dylib
0x00007fff25ee1000 	/usr/lib/libsqlite3.dylib
0x00007fff2a24f000 	/System/Library/PrivateFrameworks/AppleFSCompression.framework/Versions/A/AppleFSCompression
0x00007fff29cfa000 	/usr/lib/libcoretls.dylib
0x00007fff2a7b0000 	/usr/lib/libpam.2.dylib
0x00007fff2acd6000 	/usr/lib/libxar.1.dylib
0x00007fff28fea000 	/System/Library/PrivateFrameworks/AppleSystemInfo.framework/Versions/A/AppleSystemInfo
0x00007fff2993d000 	/System/Library/PrivateFrameworks/IOMobileFramebuffer.framework/Versions/A/IOMobileFramebuffer
0x00007fff2a25f000 	/usr/lib/libbz2.1.0.dylib
0x00007fff2a57c000 	/usr/lib/libiconv.2.dylib
0x00007fff2a4d0000 	/usr/lib/libcharset.1.dylib
0x00007fff27144000 	/System/Library/Frameworks/CoreServices.framework/Versions/A/Frameworks/FSEvents.framework/Versions/A/FSEvents
0x00007fff227aa000 	/System/Library/Frameworks/CoreServices.framework/Versions/A/Frameworks/CarbonCore.framework/Versions/A/CarbonCore
0x00007fff26484000 	/System/Library/Frameworks/CoreServices.framework/Versions/A/Frameworks/Metadata.framework/Versions/A/Metadata
0x00007fff2a272000 	/System/Library/Frameworks/CoreServices.framework/Versions/A/Frameworks/OSServices.framework/Versions/A/OSServices
0x00007fff2a6f1000 	/System/Library/Frameworks/CoreServices.framework/Versions/A/Frameworks/SearchKit.framework/Versions/A/SearchKit
0x00007fff26205000 	/System/Library/Frameworks/CoreServices.framework/Versions/A/Frameworks/AE.framework/Versions/A/AE
0x00007fff2084e000 	/System/Library/Frameworks/CoreServices.framework/Versions/A/Frameworks/LaunchServices.framework/Versions/A/LaunchServices
0x00007fff2ab71000 	/System/Library/Frameworks/CoreServices.framework/Versions/A/Frameworks/DictionaryServices.framework/Versions/A/DictionaryServices
0x00007fff2714d000 	/System/Library/Frameworks/CoreServices.framework/Versions/A/Frameworks/SharedFileList.framework/Versions/A/SharedFileList
0x00007fff29cee000 	/usr/lib/libCheckFix.dylib
0x00007fff24b9a000 	/System/Library/PrivateFrameworks/TCC.framework/Versions/A/TCC
0x00007fff28ff0000 	/System/Library/PrivateFrameworks/CoreNLP.framework/Versions/A/CoreNLP
0x00007fff26437000 	/System/Library/PrivateFrameworks/MetadataUtilities.framework/Versions/A/MetadataUtilities
0x00007fff20f27000 	/usr/lib/libmecabra.dylib
0x00007fff2a001000 	/System/Library/Frameworks/MLCompute.framework/Versions/A/MLCompute
0x00007fff29d23000 	/usr/lib/libmecab.dylib
0x00007fff29d6d000 	/usr/lib/libgermantok.dylib
0x00007fff2a759000 	/usr/lib/libThaiTokenizer.dylib
0x00007fff2ad11000 	/usr/lib/libChineseTokenizer.dylib
0x00007fff2a7ae000 	/System/Library/Frameworks/MetalPerformanceShaders.framework/Versions/A/MetalPerformanceShaders
0x00007fff26526000 	/System/Library/Frameworks/Accelerate.framework/Versions/A/Frameworks/vImage.framework/Versions/A/vImage
0x00007fff2ff05000 	/System/Library/Frameworks/Accelerate.framework/Versions/A/Frameworks/vecLib.framework/Versions/A/vecLib
0x00007fff2ad1c000 	/System/Library/Frameworks/Accelerate.framework/Versions/A/Frameworks/vecLib.framework/Versions/A/libvMisc.dylib
0x00007fff29756000 	/System/Library/Frameworks/Accelerate.framework/Versions/A/Frameworks/vecLib.framework/Versions/A/libvDSP.dylib
0x00007fff20b52000 	/System/Library/Frameworks/Accelerate.framework/Versions/A/Frameworks/vecLib.framework/Versions/A/libBLAS.dylib
0x00007fff2a7d4000 	/System/Library/Frameworks/Accelerate.framework/Versions/A/Frameworks/vecLib.framework/Versions/A/libLAPACK.dylib
0x00007fff29d73000 	/System/Library/Frameworks/Accelerate.framework/Versions/A/Frameworks/vecLib.framework/Versions/A/libLinearAlgebra.dylib
0x00007fff2a79b000 	/System/Library/Frameworks/Accelerate.framework/Versions/A/Frameworks/vecLib.framework/Versions/A/libSparseBLAS.dylib
0x00007fff2a7ce000 	/System/Library/Frameworks/Accelerate.framework/Versions/A/Frameworks/vecLib.framework/Versions/A/libQuadrature.dylib
0x00007fff29098000 	/System/Library/Frameworks/Accelerate.framework/Versions/A/Frameworks/vecLib.framework/Versions/A/libBNNS.dylib
0x00007fff20e04000 	/System/Library/Frameworks/Accelerate.framework/Versions/A/Frameworks/vecLib.framework/Versions/A/libSparse.dylib
0x00007fff28f83000 	/System/Library/Frameworks/MetalPerformanceShaders.framework/Versions/A/Frameworks/MPSCore.framework/Versions/A/MPSCore
0x00007fff2a1be000 	/System/Library/Frameworks/MetalPerformanceShaders.framework/Versions/A/Frameworks/MPSImage.framework/Versions/A/MPSImage
0x00007fff29d89000 	/System/Library/Frameworks/MetalPerformanceShaders.framework/Versions/A/Frameworks/MPSNeuralNetwork.framework/Versions/A/MPSNeuralNetwork
0x00007fff2a149000 	/System/Library/Frameworks/MetalPerformanceShaders.framework/Versions/A/Frameworks/MPSMatrix.framework/Versions/A/MPSMatrix
0x00007fff29fb1000 	/System/Library/Frameworks/MetalPerformanceShaders.framework/Versions/A/Frameworks/MPSRayIntersector.framework/Versions/A/MPSRayIntersector
0x00007fff2a180000 	/System/Library/Frameworks/MetalPerformanceShaders.framework/Versions/A/Frameworks/MPSNDArray.framework/Versions/A/MPSNDArray
0x00007fff20a7e000 	/System/Library/PrivateFrameworks/MetalTools.framework/Versions/A/MetalTools
0x00007fff28fe8000 	/System/Library/PrivateFrameworks/AggregateDictionary.framework/Versions/A/AggregateDictionary
0x00007fff2640f000 	/System/Library/PrivateFrameworks/CoreAnalytics.framework/Versions/A/CoreAnalytics
0x00007fff2a75b000 	/System/Library/PrivateFrameworks/AppleSauce.framework/Versions/A/AppleSauce
0x00007fff282f5000 	/System/Library/PrivateFrameworks/IOAccelerator.framework/Versions/A/IOAccelerator
0x00007fff6c889000 	/System/Library/Frameworks/OpenGL.framework/Versions/A/Libraries/libCoreFSCache.dylib
0x00007fff214c3000 	/System/Library/PrivateFrameworks/LanguageModeling.framework/Versions/A/LanguageModeling
0x00007fff2992a000 	/System/Library/PrivateFrameworks/CoreEmoji.framework/Versions/A/CoreEmoji
0x00007fff29091000 	/System/Library/PrivateFrameworks/LinguisticData.framework/Versions/A/LinguisticData
0x00007fff20db6000 	/System/Library/PrivateFrameworks/Lexicon.framework/Versions/A/Lexicon
0x00007fff2a66d000 	/usr/lib/libcmph.dylib
0x00007fff27124000 	/System/Library/Frameworks/OpenDirectory.framework/Versions/A/Frameworks/CFOpenDirectory.framework/Versions/A/CFOpenDirectory
0x00007fff27114000 	/System/Library/Frameworks/OpenDirectory.framework/Versions/A/OpenDirectory
0x00007fff2abdb000 	/System/Library/PrivateFrameworks/APFS.framework/Versions/A/APFS
0x00007fff29c4f000 	/System/Library/Frameworks/SecurityFoundation.framework/Versions/A/SecurityFoundation
0x00007fff2ace4000 	/usr/lib/libutil.dylib
0x00007fff22ad1000 	/System/Library/PrivateFrameworks/CoreServicesStore.framework/Versions/A/CoreServicesStore
0x00007fff29ce6000 	/System/Library/Frameworks/ServiceManagement.framework/Versions/A/ServiceManagement
0x00007fff2ace8000 	/usr/lib/libxslt.1.dylib
0x00007fff29cdc000 	/System/Library/PrivateFrameworks/BackgroundTaskManagement.framework/Versions/A/BackgroundTaskManagement
0x00007fff2bcdd000 	/System/Library/Frameworks/ImageIO.framework/Versions/A/Resources/libRadiance.dylib
0x00007fff2bce7000 	/System/Library/Frameworks/ImageIO.framework/Versions/A/Resources/libJPEG.dylib
0x00007fff2bc32000 	/System/Library/Frameworks/ImageIO.framework/Versions/A/Resources/libPng.dylib
0x00007fff2bc59000 	/System/Library/Frameworks/ImageIO.framework/Versions/A/Resources/libTIFF.dylib
0x00007fff2bd3c000 	/System/Library/Frameworks/ImageIO.framework/Versions/A/Resources/libGIF.dylib
0x00007fff2b995000 	/System/Library/Frameworks/ImageIO.framework/Versions/A/Resources/libJP2.dylib
0x00007fff2b07f000 	/usr/lib/libexpat.1.dylib
0x00007fff2b94a000 	/System/Library/PrivateFrameworks/AppleJPEG.framework/Versions/A/AppleJPEG
0x00007fff2852b000 	/System/Library/PrivateFrameworks/FontServices.framework/libFontParser.dylib
0x00007fff261b9000 	/System/Library/PrivateFrameworks/RunningBoardServices.framework/Versions/A/RunningBoardServices
0x00007fff2ba74000 	/System/Library/PrivateFrameworks/WatchdogClient.framework/Versions/A/WatchdogClient
0x00007fff215b0000 	/System/Library/Frameworks/CoreDisplay.framework/Versions/A/CoreDisplay
0x00007fff28441000 	/System/Library/Frameworks/CoreMedia.framework/Versions/A/CoreMedia
0x00007fff272a1000 	/System/Library/Frameworks/CoreVideo.framework/Versions/A/CoreVideo
0x00007fff2baac000 	/System/Library/Frameworks/VideoToolbox.framework/Versions/A/VideoToolbox
0x00007fff26137000 	/System/Library/PrivateFrameworks/BaseBoard.framework/Versions/A/BaseBoard
0x00007fff2b1c4000 	/System/Library/PrivateFrameworks/PersistentConnection.framework/Versions/A/PersistentConnection
0x00007fff25eca000 	/System/Library/PrivateFrameworks/ProtocolBuffer.framework/Versions/A/ProtocolBuffer
0x00007fff2611e000 	/System/Library/PrivateFrameworks/CommonUtilities.framework/Versions/A/CommonUtilities
0x00007fff2b8df000 	/System/Library/PrivateFrameworks/Bom.framework/Versions/A/Bom
0x00007fff2bcd6000 	/System/Library/PrivateFrameworks/GPUWrangler.framework/Versions/A/GPUWrangler
0x00007fff2bcb9000 	/System/Library/PrivateFrameworks/IOPresentment.framework/Versions/A/IOPresentment
0x00007fff2bce1000 	/System/Library/PrivateFrameworks/DSExternalDisplay.framework/Versions/A/DSExternalDisplay
0x00007fff2bd41000 	/System/Library/PrivateFrameworks/CMCaptureCore.framework/Versions/A/CMCaptureCore
0x00007fff2b664000 	/System/Library/PrivateFrameworks/AppServerSupport.framework/Versions/A/AppServerSupport
0x00007fff2d715000 	/System/Library/PrivateFrameworks/perfdata.framework/Versions/A/perfdata
0x00007fff29c3e000 	/System/Library/PrivateFrameworks/AssertionServices.framework/Versions/A/AssertionServices
0x00007fff216e7000 	/System/Library/PrivateFrameworks/AudioToolboxCore.framework/Versions/A/AudioToolboxCore
0x00007fff28424000 	/System/Library/PrivateFrameworks/caulk.framework/Versions/A/caulk
0x00007fff3d3c0000 	/System/Library/PrivateFrameworks/SystemPolicy.framework/Versions/A/SystemPolicy
0x00007fff2ae74000 	/usr/lib/libIOReport.dylib
0x00007fff2cf37000 	/usr/lib/libSMC.dylib
0x00007fff2bbff000 	/usr/lib/libAudioToolboxUtility.dylib
0x00007fff3dd2a000 	/usr/lib/libmis.dylib
0x00007fff6c8e5000 	/System/Library/Frameworks/OpenGL.framework/Versions/A/Libraries/libGLU.dylib
0x00007fff6c8a8000 	/System/Library/Frameworks/OpenGL.framework/Versions/A/Libraries/libGFXShared.dylib
0x00007fff6cab7000 	/System/Library/Frameworks/OpenGL.framework/Versions/A/Libraries/libGL.dylib
0x00007fff6c8b1000 	/System/Library/Frameworks/OpenGL.framework/Versions/A/Libraries/libGLImage.dylib
0x00007fff6c8a5000 	/System/Library/Frameworks/OpenGL.framework/Versions/A/Libraries/libCVMSPluginSupport.dylib
0x00007fff6c890000 	/System/Library/Frameworks/OpenGL.framework/Versions/A/Libraries/libCoreVMClient.dylib
0x00007fff6def8000 	/System/Library/Frameworks/OpenCL.framework/Versions/A/OpenCL
0x00007fff2b1ee000 	/System/Library/PrivateFrameworks/GraphVisualizer.framework/Versions/A/GraphVisualizer
0x00007fff2b1fd000 	/System/Library/PrivateFrameworks/FaceCore.framework/Versions/A/FaceCore
0x00007fff2b619000 	/System/Library/PrivateFrameworks/OTSVG.framework/Versions/A/OTSVG
0x00007fff26e98000 	/System/Library/Frameworks/ApplicationServices.framework/Versions/A/Frameworks/ATS.framework/Versions/A/Resources/libFontRegistry.dylib
0x00007fff2b66b000 	/System/Library/PrivateFrameworks/FontServices.framework/libhvf.dylib
0x00007fff2b02b000 	/System/Library/PrivateFrameworks/AppleVA.framework/Versions/A/AppleVA
0x00007fff2cd80000 	/System/Library/Frameworks/ApplicationServices.framework/Versions/A/Frameworks/ATS.framework/Versions/A/ATS
0x00007fff2d092000 	/System/Library/Frameworks/ApplicationServices.framework/Versions/A/Frameworks/ColorSyncLegacy.framework/Versions/A/ColorSyncLegacy
0x00007fff256a4000 	/System/Library/Frameworks/ApplicationServices.framework/Versions/A/Frameworks/HIServices.framework/Versions/A/HIServices
0x00007fff2d077000 	/System/Library/Frameworks/ApplicationServices.framework/Versions/A/Frameworks/LangAnalysis.framework/Versions/A/LangAnalysis
0x00007fff2bd4b000 	/System/Library/Frameworks/ApplicationServices.framework/Versions/A/Frameworks/PrintCore.framework/Versions/A/PrintCore
0x00007fff2d09a000 	/System/Library/Frameworks/ApplicationServices.framework/Versions/A/Frameworks/QD.framework/Versions/A/QD
0x00007fff2cd70000 	/System/Library/Frameworks/ApplicationServices.framework/Versions/A/Frameworks/SpeechSynthesis.framework/Versions/A/SpeechSynthesis
0x00007fff2bd0c000 	/System/Library/Frameworks/ApplicationServices.framework/Versions/A/Frameworks/ATSUI.framework/Versions/A/ATSUI
0x00007fff2d017000 	/usr/lib/libcups.2.dylib
0x00007fff2d087000 	/System/Library/PrivateFrameworks/NetAuth.framework/Versions/A/NetAuth
0x00007fff2d731000 	/System/Library/Frameworks/Kerberos.framework/Versions/A/Kerberos
0x00007fff2d741000 	/System/Library/Frameworks/GSS.framework/Versions/A/GSS
0x00007fff2cdec000 	/usr/lib/libresolv.9.dylib
0x00007fff2b680000 	/System/Library/PrivateFrameworks/Heimdal.framework/Versions/A/Heimdal
0x00007fff334c5000 	/System/Library/Frameworks/Kerberos.framework/Versions/A/Libraries/libHeimdalProxy.dylib
0x00007fff2628a000 	/System/Library/Frameworks/Network.framework/Versions/A/Network
0x00007fff2b099000 	/usr/lib/libheimdal-asn1.dylib
0x00007fff2d791000 	/System/Library/PrivateFrameworks/CommonAuth.framework/Versions/A/CommonAuth
0x00007fff272ee000 	/System/Library/PrivateFrameworks/login.framework/Versions/A/Frameworks/loginsupport.framework/Versions/A/loginsupport
0x00007fff2ccf5000 	/System/Library/PrivateFrameworks/AudioSession.framework/Versions/A/AudioSession
0x00007fff2cd5d000 	/usr/lib/libAudioStatistics.dylib
0x00007fff2b126000 	/System/Library/PrivateFrameworks/MediaExperience.framework/Versions/A/MediaExperience
0x00007fff2cb92000 	/System/Library/PrivateFrameworks/AudioSession.framework/libSessionUtility.dylib
0x00007fff2d722000 	/usr/lib/libperfcheck.dylib
0x00007fff2d0a6000 	/System/Library/PrivateFrameworks/AudioResourceArbitration.framework/Versions/A/AudioResourceArbitration
0x00007fff2b0a3000 	/System/Library/PrivateFrameworks/IconFoundation.framework/Versions/A/IconFoundation
0x00007fff2fbcf000 	/System/Library/PrivateFrameworks/SpeechRecognitionCore.framework/Versions/A/SpeechRecognitionCore
0x000000010e4b0000 	/Library/Java/JavaVirtualMachines/jdk1.8.0_201.jdk/Contents/Home/jre/lib/server/libjvm.dylib
0x00007fff787d1000 	/usr/lib/libstdc++.6.dylib
0x000000010f469000 	/Library/Java/JavaVirtualMachines/jdk1.8.0_201.jdk/Contents/Home/jre/lib/libverify.dylib
0x000000010f477000 	/Library/Java/JavaVirtualMachines/jdk1.8.0_201.jdk/Contents/Home/jre/lib/libjava.dylib
0x000000010f4ae000 	/Library/Java/JavaVirtualMachines/jdk1.8.0_201.jdk/Contents/Home/jre/lib/libjdwp.dylib
0x000000010f4f9000 	/Library/Java/JavaVirtualMachines/jdk1.8.0_201.jdk/Contents/Home/jre/lib/libnpt.dylib
0x000000010f4fd000 	/Library/Java/JavaVirtualMachines/jdk1.8.0_201.jdk/Contents/Home/jre/lib/libinstrument.dylib
0x000000010f569000 	/Library/Java/JavaVirtualMachines/jdk1.8.0_201.jdk/Contents/Home/jre/lib/libzip.dylib
0x000000011038a000 	/Library/Java/JavaVirtualMachines/jdk1.8.0_201.jdk/Contents/Home/jre/lib/libdt_socket.dylib
0x000000013108c000 	/Library/Java/JavaVirtualMachines/jdk1.8.0_201.jdk/Contents/Home/jre/lib/libnio.dylib
0x000000013109c000 	/Library/Java/JavaVirtualMachines/jdk1.8.0_201.jdk/Contents/Home/jre/lib/libnet.dylib
0x00000001314b3000 	/Library/Java/JavaVirtualMachines/jdk1.8.0_201.jdk/Contents/Home/jre/lib/libmanagement.dylib
0x0000000132cca000 	/Library/Java/JavaVirtualMachines/jdk1.8.0_201.jdk/Contents/Home/jre/lib/libsunec.dylib
0x00000001340fd000 	/Users/malverndongeni/Library/Caches/JNA/temp/jna5385845455071233993.tmp
0x00007fff6f739000 	/System/Library/Frameworks/JavaVM.framework/Versions/A/JavaVM

VM Arguments:
jvm_args: -agentlib:jdwp=transport=dt_socket,address=127.0.0.1:52480,suspend=y,server=n -ea -Didea.test.cyclic.buffer.size=1048576 -javaagent:/Users/malverndongeni/Library/Caches/JetBrains/IntelliJIdea2021.1/captureAgent/debugger-agent.jar -Dfile.encoding=UTF-8 
java_command: com.intellij.rt.junit.JUnitStarter -ideVersion5 -junit5 zw.co.malvern.integration.ReportIntegrationTest,givenDates_whenRetrievingProductionReport_shouldReturnProductionResults
java_class_path (initial): /Applications/IntelliJ IDEA.app/Contents/lib/idea_rt.jar:/Users/malverndongeni/.m2/repository/org/junit/platform/junit-platform-launcher/1.6.3/junit-platform-launcher-1.6.3.jar:/Applications/IntelliJ IDEA.app/Contents/plugins/junit/lib/junit5-rt.jar:/Applications/IntelliJ IDEA.app/Contents/plugins/junit/lib/junit-rt.jar:/Library/Java/JavaVirtualMachines/jdk1.8.0_201.jdk/Contents/Home/jre/lib/charsets.jar:/Library/Java/JavaVirtualMachines/jdk1.8.0_201.jdk/Contents/Home/jre/lib/deploy.jar:/Library/Java/JavaVirtualMachines/jdk1.8.0_201.jdk/Contents/Home/jre/lib/ext/cldrdata.jar:/Library/Java/JavaVirtualMachines/jdk1.8.0_201.jdk/Contents/Home/jre/lib/ext/dnsns.jar:/Library/Java/JavaVirtualMachines/jdk1.8.0_201.jdk/Contents/Home/jre/lib/ext/jaccess.jar:/Library/Java/JavaVirtualMachines/jdk1.8.0_201.jdk/Contents/Home/jre/lib/ext/jfxrt.jar:/Library/Java/JavaVirtualMachines/jdk1.8.0_201.jdk/Contents/Home/jre/lib/ext/localedata.jar:/Library/Java/JavaVirtualMachines/jdk1.8.0_201.jdk/Contents/Home/jre/lib/ext/nashorn.jar:/Library/Java/JavaVirtualMachines/jdk1.8.0_201.jdk/Contents/Home/jre/lib/ext/sunec.jar:/Library/Java/JavaVirtualMachines/jdk1.8.0_201.jdk/Contents/Home/jre/lib/ext/sunjce_provider.jar:/Library/Java/JavaVirtualMachines/jdk1.8.0_201.jdk/Contents/Home/jre/lib/ext/sunpkcs11.jar:/Library/Java/JavaVirtualMachines/jdk1.8.0_201.jdk/Contents/Home/jre/lib/ext/zipfs.jar:/Library/Java/JavaVirtualMachines/jdk1.8.0_201.jdk/Contents/Home/jre/lib/javaws.jar:/Library/Java/JavaVirtualMachines/jdk1.8.0_201.jdk/Contents/Home/jre/lib/jce.jar:/Library/Java/JavaVirtualMachines/jdk1.8.0_201.jdk/Contents/Home/jre/lib/jfr.jar:/Library/Java/JavaVirtualMachines/jdk1.8.0_201.jdk/Contents/Home/jre/lib/jfxswt.jar:/Library/Java/JavaVirtualMachines/jdk1.8.0_201.jdk/Contents/Home/jre/lib/jsse.jar:/Library/Java/JavaVirtualMachines/jdk1.8.0_201.jdk/Contents/Home/jre/lib/management-agent.jar:/Library/Java/JavaVirtualMachines/jdk1.8.0_201.jdk/Contents/Home/jre/lib/plug
Launcher Type: SUN_STANDARD

Environment Variables:
PATH=/usr/local/bin:/usr/bin:/bin:/usr/sbin:/sbin:/Applications/VMware Fusion.app/Contents/Public:/Library/Apple/usr/bin
SHELL=/bin/zsh

Signal Handlers:
SIGSEGV: [libjvm.dylib+0x5b723d], sa_mask[0]=11111111011111110111111111111111, sa_flags=SA_ONSTACK|SA_RESTART|SA_SIGINFO
SIGBUS: [libjvm.dylib+0x5b723d], sa_mask[0]=11111111011111110111111111111111, sa_flags=SA_RESTART|SA_SIGINFO
SIGFPE: [libjvm.dylib+0x48c9bc], sa_mask[0]=11111111011111110111111111111111, sa_flags=SA_RESTART|SA_SIGINFO
SIGPIPE: [libjvm.dylib+0x48c9bc], sa_mask[0]=11111111011111110111111111111111, sa_flags=SA_RESTART|SA_SIGINFO
SIGXFSZ: [libjvm.dylib+0x48c9bc], sa_mask[0]=11111111011111110111111111111111, sa_flags=SA_RESTART|SA_SIGINFO
SIGILL: [libjvm.dylib+0x48c9bc], sa_mask[0]=11111111011111110111111111111111, sa_flags=SA_RESTART|SA_SIGINFO
SIGUSR1: SIG_DFL, sa_mask[0]=00000000000000000000000000000000, sa_flags=none
SIGUSR2: [libjvm.dylib+0x48c4da], sa_mask[0]=00100000000000000000000000000000, sa_flags=SA_RESTART|SA_SIGINFO
SIGHUP: [libjvm.dylib+0x48aa65], sa_mask[0]=11111111011111110111111111111111, sa_flags=SA_RESTART|SA_SIGINFO
SIGINT: [libjvm.dylib+0x48aa65], sa_mask[0]=11111111011111110111111111111111, sa_flags=SA_RESTART|SA_SIGINFO
SIGTERM: [libjvm.dylib+0x48aa65], sa_mask[0]=11111111011111110111111111111111, sa_flags=SA_RESTART|SA_SIGINFO
SIGQUIT: [libjvm.dylib+0x48aa65], sa_mask[0]=11111111011111110111111111111111, sa_flags=SA_RESTART|SA_SIGINFO


---------------  S Y S T E M  ---------------

OS:Bsduname:Darwin 20.3.0 Darwin Kernel Version 20.3.0: Thu Jan 21 00:07:06 PST 2021; root:xnu-7195.81.3~1/RELEASE_X86_64 x86_64
rlimit: STACK 8192k, CORE 0k, NPROC 2784, NOFILE 10240, AS infinity
load average:2.94 7.44 5.76

CPU:total 12 (initial active 12) (6 cores per cpu, 2 threads per core) family 6 model 158 stepping 10, cmov, cx8, fxsr, mmx, sse, sse2, sse3, ssse3, sse4.1, sse4.2, popcnt, avx, avx2, aes, clmul, erms, rtm, 3dnowpref, lzcnt, ht, tsc, tscinvbit, bmi1, bmi2, adx

Memory: 4k page, physical 16777216k(401208k free)

/proc/meminfo:


vm_info: Java HotSpot(TM) 64-Bit Server VM (25.201-b09) for bsd-amd64 JRE (1.8.0_201-b09), built on Dec 15 2018 18:35:23 by "java_re" with gcc 4.2.1 (Based on Apple Inc. build 5658) (LLVM build 2336.11.00)

time: Fri Apr 30 11:00:30 2021
timezone: CAT
elapsed time: 304 seconds (0d 0h 5m 4s)

